This is pdfTeX, Version 3.14159265-2.6-1.40.21 (TeX Live 2020) (preloaded format=pdflatex 2020.12.29)  29 DEC 2020 17:32
entering extended mode
 restricted \write18 enabled.
 %&-line parsing enabled.
**ABC_Company_Report.tex
(./ABC_Company_Report.tex
LaTeX2e <2020-10-01> patch level 2
L3 programming layer <2020-12-07> xparse <2020-03-03> (/Users/falkfamily/Librar
y/TinyTeX/texmf-dist/tex/latex/base/book.cls
Document Class: book 2020/04/10 v1.4m Standard LaTeX document class
(/Users/falkfamily/Library/TinyTeX/texmf-dist/tex/latex/base/bk10.clo
File: bk10.clo 2020/04/10 v1.4m Standard LaTeX file (size option)
)
\c@part=\count177
\c@chapter=\count178
\c@section=\count179
\c@subsection=\count180
\c@subsubsection=\count181
\c@paragraph=\count182
\c@subparagraph=\count183
\c@figure=\count184
\c@table=\count185
\abovecaptionskip=\skip47
\belowcaptionskip=\skip48
\bibindent=\dimen138
) (/Users/falkfamily/Library/TinyTeX/texmf-dist/tex/latex/lm/lmodern.sty
Package: lmodern 2009/10/30 v1.6 Latin Modern Fonts
LaTeX Font Info:    Overwriting symbol font `operators' in version `normal'
(Font)                  OT1/cmr/m/n --> OT1/lmr/m/n on input line 22.
LaTeX Font Info:    Overwriting symbol font `letters' in version `normal'
(Font)                  OML/cmm/m/it --> OML/lmm/m/it on input line 23.
LaTeX Font Info:    Overwriting symbol font `symbols' in version `normal'
(Font)                  OMS/cmsy/m/n --> OMS/lmsy/m/n on input line 24.
LaTeX Font Info:    Overwriting symbol font `largesymbols' in version `normal'
(Font)                  OMX/cmex/m/n --> OMX/lmex/m/n on input line 25.
LaTeX Font Info:    Overwriting symbol font `operators' in version `bold'
(Font)                  OT1/cmr/bx/n --> OT1/lmr/bx/n on input line 26.
LaTeX Font Info:    Overwriting symbol font `letters' in version `bold'
(Font)                  OML/cmm/b/it --> OML/lmm/b/it on input line 27.
LaTeX Font Info:    Overwriting symbol font `symbols' in version `bold'
(Font)                  OMS/cmsy/b/n --> OMS/lmsy/b/n on input line 28.
LaTeX Font Info:    Overwriting symbol font `largesymbols' in version `bold'
(Font)                  OMX/cmex/m/n --> OMX/lmex/m/n on input line 29.
LaTeX Font Info:    Overwriting math alphabet `\mathbf' in version `normal'
(Font)                  OT1/cmr/bx/n --> OT1/lmr/bx/n on input line 31.
LaTeX Font Info:    Overwriting math alphabet `\mathsf' in version `normal'
(Font)                  OT1/cmss/m/n --> OT1/lmss/m/n on input line 32.
LaTeX Font Info:    Overwriting math alphabet `\mathit' in version `normal'
(Font)                  OT1/cmr/m/it --> OT1/lmr/m/it on input line 33.
LaTeX Font Info:    Overwriting math alphabet `\mathtt' in version `normal'
(Font)                  OT1/cmtt/m/n --> OT1/lmtt/m/n on input line 34.
LaTeX Font Info:    Overwriting math alphabet `\mathbf' in version `bold'
(Font)                  OT1/cmr/bx/n --> OT1/lmr/bx/n on input line 35.
LaTeX Font Info:    Overwriting math alphabet `\mathsf' in version `bold'
(Font)                  OT1/cmss/bx/n --> OT1/lmss/bx/n on input line 36.
LaTeX Font Info:    Overwriting math alphabet `\mathit' in version `bold'
(Font)                  OT1/cmr/bx/it --> OT1/lmr/bx/it on input line 37.
LaTeX Font Info:    Overwriting math alphabet `\mathtt' in version `bold'
(Font)                  OT1/cmtt/m/n --> OT1/lmtt/m/n on input line 38.
) (/Users/falkfamily/Library/TinyTeX/texmf-dist/tex/latex/setspace/setspace.sty
Package: setspace 2011/12/19 v6.7a set line spacing
) (/Users/falkfamily/Library/TinyTeX/texmf-dist/tex/latex/amsfonts/amssymb.sty
Package: amssymb 2013/01/14 v3.01 AMS font symbols
(/Users/falkfamily/Library/TinyTeX/texmf-dist/tex/latex/amsfonts/amsfonts.sty
Package: amsfonts 2013/01/14 v3.01 Basic AMSFonts support
\@emptytoks=\toks15
\symAMSa=\mathgroup4
\symAMSb=\mathgroup5
LaTeX Font Info:    Redeclaring math symbol \hbar on input line 98.
LaTeX Font Info:    Overwriting math alphabet `\mathfrak' in version `bold'
(Font)                  U/euf/m/n --> U/euf/b/n on input line 106.
)) (/Users/falkfamily/Library/TinyTeX/texmf-dist/tex/latex/amsmath/amsmath.sty
Package: amsmath 2020/09/23 v2.17i AMS math features
\@mathmargin=\skip49
For additional information on amsmath, use the `?' option.
(/Users/falkfamily/Library/TinyTeX/texmf-dist/tex/latex/amsmath/amstext.sty
Package: amstext 2000/06/29 v2.01 AMS text
(/Users/falkfamily/Library/TinyTeX/texmf-dist/tex/latex/amsmath/amsgen.sty
File: amsgen.sty 1999/11/30 v2.0 generic functions
\@emptytoks=\toks16
\ex@=\dimen139
)) (/Users/falkfamily/Library/TinyTeX/texmf-dist/tex/latex/amsmath/amsbsy.sty
Package: amsbsy 1999/11/29 v1.2d Bold Symbols
\pmbraise@=\dimen140
) (/Users/falkfamily/Library/TinyTeX/texmf-dist/tex/latex/amsmath/amsopn.sty
Package: amsopn 2016/03/08 v2.02 operator names
)
\inf@bad=\count186
LaTeX Info: Redefining \frac on input line 234.
\uproot@=\count187
\leftroot@=\count188
LaTeX Info: Redefining \overline on input line 399.
\classnum@=\count189
\DOTSCASE@=\count190
LaTeX Info: Redefining \ldots on input line 496.
LaTeX Info: Redefining \dots on input line 499.
LaTeX Info: Redefining \cdots on input line 620.
\Mathstrutbox@=\box47
\strutbox@=\box48
\big@size=\dimen141
LaTeX Font Info:    Redeclaring font encoding OML on input line 743.
LaTeX Font Info:    Redeclaring font encoding OMS on input line 744.
\macc@depth=\count191
\c@MaxMatrixCols=\count192
\dotsspace@=\muskip16
\c@parentequation=\count193
\dspbrk@lvl=\count194
\tag@help=\toks17
\row@=\count195
\column@=\count196
\maxfields@=\count197
\andhelp@=\toks18
\eqnshift@=\dimen142
\alignsep@=\dimen143
\tagshift@=\dimen144
\tagwidth@=\dimen145
\totwidth@=\dimen146
\lineht@=\dimen147
\@envbody=\toks19
\multlinegap=\skip50
\multlinetaggap=\skip51
\mathdisplay@stack=\toks20
LaTeX Info: Redefining \[ on input line 2923.
LaTeX Info: Redefining \] on input line 2924.
) (/Users/falkfamily/Library/TinyTeX/texmf-dist/tex/generic/iftex/ifxetex.sty
Package: ifxetex 2019/10/25 v0.7 ifxetex legacy package. Use iftex instead.
(/Users/falkfamily/Library/TinyTeX/texmf-dist/tex/generic/iftex/iftex.sty
Package: iftex 2020/03/06 v1.0d TeX engine tests
)) (/Users/falkfamily/Library/TinyTeX/texmf-dist/tex/generic/iftex/ifluatex.sty
Package: ifluatex 2019/10/25 v1.5 ifluatex legacy package. Use iftex instead.
) (/Users/falkfamily/Library/TinyTeX/texmf-dist/tex/latex/base/fontenc.sty
Package: fontenc 2020/08/10 v2.0s Standard LaTeX package
LaTeX Font Info:    Trying to load font information for T1+lmr on input line 11
2.
(/Users/falkfamily/Library/TinyTeX/texmf-dist/tex/latex/lm/t1lmr.fd
File: t1lmr.fd 2009/10/30 v1.6 Font defs for Latin Modern
)) (/Users/falkfamily/Library/TinyTeX/texmf-dist/tex/latex/base/inputenc.sty
Package: inputenc 2020/08/01 v1.3d Input encoding file
\inpenc@prehook=\toks21
\inpenc@posthook=\toks22
) (/Users/falkfamily/Library/TinyTeX/texmf-dist/tex/latex/base/textcomp.sty
Package: textcomp 2020/02/02 v2.0n Standard LaTeX package
) (/Users/falkfamily/Library/TinyTeX/texmf-dist/tex/latex/xcolor/xcolor.sty
Package: xcolor 2016/05/11 v2.12 LaTeX color extensions (UK)
(/Users/falkfamily/Library/TinyTeX/texmf-dist/tex/latex/graphics-cfg/color.cfg
File: color.cfg 2016/01/02 v1.6 sample color configuration
)
Package xcolor Info: Driver file: pdftex.def on input line 225.

(/Users/falkfamily/Library/TinyTeX/texmf-dist/tex/latex/graphics-def/pdftex.def
File: pdftex.def 2020/10/05 v1.2a Graphics/color driver for pdftex
)
Package xcolor Info: Model `cmy' substituted by `cmy0' on input line 1348.
Package xcolor Info: Model `hsb' substituted by `rgb' on input line 1352.
Package xcolor Info: Model `RGB' extended on input line 1364.
Package xcolor Info: Model `HTML' substituted by `rgb' on input line 1366.
Package xcolor Info: Model `Hsb' substituted by `hsb' on input line 1367.
Package xcolor Info: Model `tHsb' substituted by `hsb' on input line 1368.
Package xcolor Info: Model `HSB' substituted by `hsb' on input line 1369.
Package xcolor Info: Model `Gray' substituted by `gray' on input line 1370.
Package xcolor Info: Model `wave' substituted by `hsb' on input line 1371.
) (/Users/falkfamily/Library/TinyTeX/texmf-dist/tex/latex/hyperref/hyperref.sty
Package: hyperref 2020-05-15 v7.00e Hypertext links for LaTeX
(/Users/falkfamily/Library/TinyTeX/texmf-dist/tex/generic/ltxcmds/ltxcmds.sty
Package: ltxcmds 2020-05-10 v1.25 LaTeX kernel commands for general use (HO)
)
(/Users/falkfamily/Library/TinyTeX/texmf-dist/tex/generic/pdftexcmds/pdftexcmds
.sty
Package: pdftexcmds 2020-06-27 v0.33 Utility functions of pdfTeX for LuaTeX (HO
)

(/Users/falkfamily/Library/TinyTeX/texmf-dist/tex/generic/infwarerr/infwarerr.s
ty
Package: infwarerr 2019/12/03 v1.5 Providing info/warning/error messages (HO)
)
Package pdftexcmds Info: \pdf@primitive is available.
Package pdftexcmds Info: \pdf@ifprimitive is available.
Package pdftexcmds Info: \pdfdraftmode found.
) (/Users/falkfamily/Library/TinyTeX/texmf-dist/tex/latex/graphics/keyval.sty
Package: keyval 2014/10/28 v1.15 key=value parser (DPC)
\KV@toks@=\toks23
)
(/Users/falkfamily/Library/TinyTeX/texmf-dist/tex/generic/kvsetkeys/kvsetkeys.s
ty
Package: kvsetkeys 2019/12/15 v1.18 Key value parser (HO)
)
(/Users/falkfamily/Library/TinyTeX/texmf-dist/tex/generic/kvdefinekeys/kvdefine
keys.sty
Package: kvdefinekeys 2019-12-19 v1.6 Define keys (HO)
)
(/Users/falkfamily/Library/TinyTeX/texmf-dist/tex/generic/pdfescape/pdfescape.s
ty
Package: pdfescape 2019/12/09 v1.15 Implements pdfTeX's escape features (HO)
) (/Users/falkfamily/Library/TinyTeX/texmf-dist/tex/latex/hycolor/hycolor.sty
Package: hycolor 2020-01-27 v1.10 Color options for hyperref/bookmark (HO)
)
(/Users/falkfamily/Library/TinyTeX/texmf-dist/tex/latex/letltxmacro/letltxmacro
.sty
Package: letltxmacro 2019/12/03 v1.6 Let assignment for LaTeX macros (HO)
) (/Users/falkfamily/Library/TinyTeX/texmf-dist/tex/latex/auxhook/auxhook.sty
Package: auxhook 2019-12-17 v1.6 Hooks for auxiliary files (HO)
)
(/Users/falkfamily/Library/TinyTeX/texmf-dist/tex/latex/kvoptions/kvoptions.sty
Package: kvoptions 2020-10-07 v3.14 Key value format for package options (HO)
)
\@linkdim=\dimen148
\Hy@linkcounter=\count198
\Hy@pagecounter=\count199
(/Users/falkfamily/Library/TinyTeX/texmf-dist/tex/latex/hyperref/pd1enc.def
File: pd1enc.def 2020-05-15 v7.00e Hyperref: PDFDocEncoding definition (HO)
Now handling font encoding PD1 ...
... no UTF-8 mapping file for font encoding PD1
) (/Users/falkfamily/Library/TinyTeX/texmf-dist/tex/generic/intcalc/intcalc.sty
Package: intcalc 2019/12/15 v1.3 Expandable calculations with integers (HO)
)
(/Users/falkfamily/Library/TinyTeX/texmf-dist/tex/generic/etexcmds/etexcmds.sty
Package: etexcmds 2019/12/15 v1.7 Avoid name clashes with e-TeX commands (HO)
)
\Hy@SavedSpaceFactor=\count266
Package hyperref Info: Option `unicode' set `true' on input line 4338.
(/Users/falkfamily/Library/TinyTeX/texmf-dist/tex/latex/hyperref/puenc.def
File: puenc.def 2020-05-15 v7.00e Hyperref: PDF Unicode definition (HO)
Now handling font encoding PU ...
... no UTF-8 mapping file for font encoding PU
)
Package hyperref Info: Hyper figures OFF on input line 4464.
Package hyperref Info: Link nesting OFF on input line 4469.
Package hyperref Info: Hyper index ON on input line 4472.
Package hyperref Info: Plain pages OFF on input line 4479.
Package hyperref Info: Backreferencing OFF on input line 4484.
Package hyperref Info: Implicit mode ON; LaTeX internals redefined.
Package hyperref Info: Bookmarks ON on input line 4717.
\c@Hy@tempcnt=\count267
(/Users/falkfamily/Library/TinyTeX/texmf-dist/tex/latex/url/url.sty
\Urlmuskip=\muskip17
Package: url 2013/09/16  ver 3.4  Verb mode for urls, etc.
)
LaTeX Info: Redefining \url on input line 5076.
\XeTeXLinkMargin=\dimen149
(/Users/falkfamily/Library/TinyTeX/texmf-dist/tex/generic/bitset/bitset.sty
Package: bitset 2019/12/09 v1.3 Handle bit-vector datatype (HO)

(/Users/falkfamily/Library/TinyTeX/texmf-dist/tex/generic/bigintcalc/bigintcalc
.sty
Package: bigintcalc 2019/12/15 v1.5 Expandable calculations on big integers (HO
)
))
\Fld@menulength=\count268
\Field@Width=\dimen150
\Fld@charsize=\dimen151
Package hyperref Info: Hyper figures OFF on input line 6347.
Package hyperref Info: Link nesting OFF on input line 6352.
Package hyperref Info: Hyper index ON on input line 6355.
Package hyperref Info: backreferencing OFF on input line 6362.
Package hyperref Info: Link coloring OFF on input line 6367.
Package hyperref Info: Link coloring with OCG OFF on input line 6372.
Package hyperref Info: PDF/A mode OFF on input line 6377.
LaTeX Info: Redefining \ref on input line 6417.
LaTeX Info: Redefining \pageref on input line 6421.
(/Users/falkfamily/Library/TinyTeX/texmf-dist/tex/latex/base/atbegshi-ltx.sty
Package: atbegshi-ltx 2020/08/17 v1.0a Emulation of the original atbegshi packa
ge
with kernel methods
)
\Hy@abspage=\count269
\c@Item=\count270
\c@Hfootnote=\count271
)
Package hyperref Info: Driver (autodetected): hpdftex.
(/Users/falkfamily/Library/TinyTeX/texmf-dist/tex/latex/hyperref/hpdftex.def
File: hpdftex.def 2020-05-15 v7.00e Hyperref driver for pdfTeX
(/Users/falkfamily/Library/TinyTeX/texmf-dist/tex/latex/base/atveryend-ltx.sty
Package: atveryend-ltx 2020/08/19 v1.0a Emulation of the original atvery packag
e
with kernel methods
)
\Fld@listcount=\count272
\c@bookmark@seq@number=\count273

(/Users/falkfamily/Library/TinyTeX/texmf-dist/tex/latex/rerunfilecheck/rerunfil
echeck.sty
Package: rerunfilecheck 2019/12/05 v1.9 Rerun checks for auxiliary files (HO)

(/Users/falkfamily/Library/TinyTeX/texmf-dist/tex/generic/uniquecounter/uniquec
ounter.sty
Package: uniquecounter 2019/12/15 v1.4 Provide unlimited unique counter (HO)
)
Package uniquecounter Info: New unique counter `rerunfilecheck' on input line 2
86.
)
\Hy@SectionHShift=\skip52
) (/Users/falkfamily/Library/TinyTeX/texmf-dist/tex/latex/tools/longtable.sty
Package: longtable 2020/01/07 v4.13 Multi-page Table package (DPC)
\LTleft=\skip53
\LTright=\skip54
\LTpre=\skip55
\LTpost=\skip56
\LTchunksize=\count274
\LTcapwidth=\dimen152
\LT@head=\box49
\LT@firsthead=\box50
\LT@foot=\box51
\LT@lastfoot=\box52
\LT@cols=\count275
\LT@rows=\count276
\c@LT@tables=\count277
\c@LT@chunks=\count278
\LT@p@ftn=\toks24
) (/Users/falkfamily/Library/TinyTeX/texmf-dist/tex/latex/booktabs/booktabs.sty
Package: booktabs 2020/01/12 v1.61803398 Publication quality tables
\heavyrulewidth=\dimen153
\lightrulewidth=\dimen154
\cmidrulewidth=\dimen155
\belowrulesep=\dimen156
\belowbottomsep=\dimen157
\aboverulesep=\dimen158
\abovetopsep=\dimen159
\cmidrulesep=\dimen160
\cmidrulekern=\dimen161
\defaultaddspace=\dimen162
\@cmidla=\count279
\@cmidlb=\count280
\@aboverulesep=\dimen163
\@belowrulesep=\dimen164
\@thisruleclass=\count281
\@lastruleclass=\count282
\@thisrulewidth=\dimen165
) (/Users/falkfamily/Library/TinyTeX/texmf-dist/tex/latex/etoolbox/etoolbox.sty
Package: etoolbox 2020/10/05 v2.5k e-TeX tools for LaTeX (JAW)
\etb@tempcnta=\count283
) (/Users/falkfamily/Library/TinyTeX/texmf-dist/tex/latex/mdwtools/footnote.sty
Package: footnote 1997/01/28 1.13 Save footnotes around boxes
\fn@notes=\box53
\fn@width=\dimen166
) (/Users/falkfamily/Library/TinyTeX/texmf-dist/tex/latex/graphics/graphicx.sty
Package: graphicx 2020/09/09 v1.2b Enhanced LaTeX Graphics (DPC,SPQR)
(/Users/falkfamily/Library/TinyTeX/texmf-dist/tex/latex/graphics/graphics.sty
Package: graphics 2020/08/30 v1.4c Standard LaTeX Graphics (DPC,SPQR)
(/Users/falkfamily/Library/TinyTeX/texmf-dist/tex/latex/graphics/trig.sty
Package: trig 2016/01/03 v1.10 sin cos tan (DPC)
)
(/Users/falkfamily/Library/TinyTeX/texmf-dist/tex/latex/graphics-cfg/graphics.c
fg
File: graphics.cfg 2016/06/04 v1.11 sample graphics configuration
)
Package graphics Info: Driver file: pdftex.def on input line 105.
)
\Gin@req@height=\dimen167
\Gin@req@width=\dimen168
) (/Users/falkfamily/Library/TinyTeX/texmf-dist/tex/latex/grffile/grffile.sty
Package: grffile 2019/11/11 v2.1 Extended file name support for graphics (legac
y)
Package grffile Info: This package is an empty stub for compatibility on input 
line 40.
)
LaTeX Info: Redefining \href on input line 68.

(/Users/falkfamily/Library/TinyTeX/texmf-dist/tex/latex/pdflscape/pdflscape.sty
Package: pdflscape 2019/12/05 v0.12 Display of landscape pages in PDF (HO)
(/Users/falkfamily/Library/TinyTeX/texmf-dist/tex/latex/graphics/lscape.sty
Package: lscape 2020/05/28 v3.02 Landscape Pages (DPC)
)
Package pdflscape Info: Auto-detected driver: pdftex on input line 81.
) (/Users/falkfamily/Library/TinyTeX/texmf-dist/tex/latex/tools/array.sty
Package: array 2020/10/01 v2.5c Tabular extension package (FMi)
\col@sep=\dimen169
\ar@mcellbox=\box54
\extrarowheight=\dimen170
\NC@list=\toks25
\extratabsurround=\skip57
\backup@length=\skip58
\ar@cellbox=\box55
) (/Users/falkfamily/Library/TinyTeX/texmf-dist/tex/latex/multirow/multirow.sty
Package: multirow 2019/05/31 v2.5 Span multiple rows of a table
\multirow@colwidth=\skip59
\multirow@cntb=\count284
\multirow@dima=\skip60
\bigstrutjot=\dimen171
) (/Users/falkfamily/Library/TinyTeX/texmf-dist/tex/latex/wrapfig/wrapfig.sty
\wrapoverhang=\dimen172
\WF@size=\dimen173
\c@WF@wrappedlines=\count285
\WF@box=\box56
\WF@everypar=\toks26
Package: wrapfig 2003/01/31  v 3.6
) (/Users/falkfamily/Library/TinyTeX/texmf-dist/tex/latex/float/float.sty
Package: float 2001/11/08 v1.3d Float enhancements (AL)
\c@float@type=\count286
\float@exts=\toks27
\float@box=\box57
\@float@everytoks=\toks28
\@floatcapt=\box58
) (/Users/falkfamily/Library/TinyTeX/texmf-dist/tex/latex/colortbl/colortbl.sty
Package: colortbl 2020/01/04 v1.0e Color table columns (DPC)
\everycr=\toks29
\minrowclearance=\skip61
) (/Users/falkfamily/Library/TinyTeX/texmf-dist/tex/latex/tabu/tabu.sty
Package: tabu 2019/01/11 v2.9 - flexible LaTeX tabulars (FC+tabu-fixed)
(/Users/falkfamily/Library/TinyTeX/texmf-dist/tex/latex/varwidth/varwidth.sty
Package: varwidth 2009/03/30 ver 0.92;  Variable-width minipages
\@vwid@box=\box59
\sift@deathcycles=\count287
\@vwid@loff=\dimen174
\@vwid@roff=\dimen175
)
\c@taburow=\count288
\tabu@nbcols=\count289
\tabu@cnt=\count290
\tabu@Xcol=\count291
\tabu@alloc=\count292
\tabu@nested=\count293
\tabu@target=\dimen176
\tabu@spreadtarget=\dimen177
\tabu@naturalX=\dimen178
\tabucolX=\dimen179
\tabu@Xsum=\dimen180
\extrarowdepth=\dimen181
\abovetabulinesep=\dimen182
\belowtabulinesep=\dimen183
\tabustrutrule=\dimen184
\tabu@thebody=\toks30
\tabu@footnotes=\toks31
\tabu@box=\box60
\tabu@arstrutbox=\box61
\tabu@hleads=\box62
\tabu@vleads=\box63
\tabu@cellskip=\skip62
)
(/Users/falkfamily/Library/TinyTeX/texmf-dist/tex/latex/threeparttable/threepar
ttable.sty
Package: threeparttable 2003/06/13  v 3.0
\@tempboxb=\box64
)
(/Users/falkfamily/Library/TinyTeX/texmf-dist/tex/latex/threeparttablex/threepa
rttablex.sty
Package: threeparttablex 2013/07/23 v0.3 by daleif
(/Users/falkfamily/Library/TinyTeX/texmf-dist/tex/latex/environ/environ.sty
Package: environ 2014/05/04 v0.3 A new way to define environments

(/Users/falkfamily/Library/TinyTeX/texmf-dist/tex/latex/trimspaces/trimspaces.s
ty
Package: trimspaces 2009/09/17 v1.1 Trim spaces around a token list
))
\TPTL@width=\skip63
) (/Users/falkfamily/Library/TinyTeX/texmf-dist/tex/generic/ulem/ulem.sty
\UL@box=\box65
\UL@hyphenbox=\box66
\UL@skip=\skip64
\UL@hook=\toks32
\UL@height=\dimen185
\UL@pe=\count294
\UL@pixel=\dimen186
\ULC@box=\box67
Package: ulem 2019/11/18
\ULdepth=\dimen187
) (/Users/falkfamily/Library/TinyTeX/texmf-dist/tex/latex/makecell/makecell.sty
Package: makecell 2009/08/03 V0.1e Managing of Tab Column Heads and Cells
\rotheadsize=\dimen188
\c@nlinenum=\count295
\TeXr@lab=\toks33
)
(/Users/falkfamily/Library/TinyTeX/texmf-dist/tex/latex/l3backend/l3backend-pdf
tex.def
File: l3backend-pdftex.def 2020-09-24 L3 backend support: PDF output (pdfTeX)
\l__kernel_color_stack_int=\count296
\l__pdf_internal_box=\box68
) (./ABC_Company_Report.aux

LaTeX Warning: Label `intro' multiply defined.


LaTeX Warning: Label `intro' multiply defined.


LaTeX Warning: Label `intro' multiply defined.


LaTeX Warning: Label `intro' multiply defined.

)
\openout1 = `ABC_Company_Report.aux'.

LaTeX Font Info:    Checking defaults for OML/cmm/m/it on input line 102.
LaTeX Font Info:    ... okay on input line 102.
LaTeX Font Info:    Checking defaults for OMS/cmsy/m/n on input line 102.
LaTeX Font Info:    ... okay on input line 102.
LaTeX Font Info:    Checking defaults for OT1/cmr/m/n on input line 102.
LaTeX Font Info:    ... okay on input line 102.
LaTeX Font Info:    Checking defaults for T1/cmr/m/n on input line 102.
LaTeX Font Info:    ... okay on input line 102.
LaTeX Font Info:    Checking defaults for TS1/cmr/m/n on input line 102.
LaTeX Font Info:    ... okay on input line 102.
LaTeX Font Info:    Checking defaults for OMX/cmex/m/n on input line 102.
LaTeX Font Info:    ... okay on input line 102.
LaTeX Font Info:    Checking defaults for U/cmr/m/n on input line 102.
LaTeX Font Info:    ... okay on input line 102.
LaTeX Font Info:    Checking defaults for PD1/pdf/m/n on input line 102.
LaTeX Font Info:    ... okay on input line 102.
LaTeX Font Info:    Checking defaults for PU/pdf/m/n on input line 102.
LaTeX Font Info:    ... okay on input line 102.

(/Users/falkfamily/Library/TinyTeX/texmf-dist/tex/latex/epstopdf-pkg/epstopdf-b
ase.sty
Package: epstopdf-base 2020-01-24 v2.11 Base part for package epstopdf
Package epstopdf-base Info: Redefining graphics rule for `.eps' on input line 4
85.

(/Users/falkfamily/Library/TinyTeX/texmf-dist/tex/latex/latexconfig/epstopdf-sy
s.cfg
File: epstopdf-sys.cfg 2010/07/13 v1.3 Configuration of (r)epstopdf for TeX Liv
e
))
Package hyperref Info: Link coloring OFF on input line 102.
(/Users/falkfamily/Library/TinyTeX/texmf-dist/tex/latex/hyperref/nameref.sty
Package: nameref 2019/09/16 v2.46 Cross-referencing by name of section
(/Users/falkfamily/Library/TinyTeX/texmf-dist/tex/latex/refcount/refcount.sty
Package: refcount 2019/12/15 v3.6 Data extraction from label references (HO)
)
(/Users/falkfamily/Library/TinyTeX/texmf-dist/tex/generic/gettitlestring/gettit
lestring.sty
Package: gettitlestring 2019/12/15 v1.6 Cleanup title references (HO)
)
\c@section@level=\count297
)
LaTeX Info: Redefining \ref on input line 102.
LaTeX Info: Redefining \pageref on input line 102.
LaTeX Info: Redefining \nameref on input line 102.
(./ABC_Company_Report.out) (./ABC_Company_Report.out)
\@outlinefile=\write3
\openout3 = `ABC_Company_Report.out'.

LaTeX Font Info:    Trying to load font information for OT1+lmr on input line 1
04.
(/Users/falkfamily/Library/TinyTeX/texmf-dist/tex/latex/lm/ot1lmr.fd
File: ot1lmr.fd 2009/10/30 v1.6 Font defs for Latin Modern
)
LaTeX Font Info:    Trying to load font information for OML+lmm on input line 1
04.
(/Users/falkfamily/Library/TinyTeX/texmf-dist/tex/latex/lm/omllmm.fd
File: omllmm.fd 2009/10/30 v1.6 Font defs for Latin Modern
)
LaTeX Font Info:    Trying to load font information for OMS+lmsy on input line 
104.
(/Users/falkfamily/Library/TinyTeX/texmf-dist/tex/latex/lm/omslmsy.fd
File: omslmsy.fd 2009/10/30 v1.6 Font defs for Latin Modern
)
LaTeX Font Info:    Trying to load font information for OMX+lmex on input line 
104.
(/Users/falkfamily/Library/TinyTeX/texmf-dist/tex/latex/lm/omxlmex.fd
File: omxlmex.fd 2009/10/30 v1.6 Font defs for Latin Modern
)
LaTeX Font Info:    External font `lmex10' loaded for size
(Font)              <12> on input line 104.
LaTeX Font Info:    External font `lmex10' loaded for size
(Font)              <8> on input line 104.
LaTeX Font Info:    External font `lmex10' loaded for size
(Font)              <6> on input line 104.
LaTeX Font Info:    Trying to load font information for U+msa on input line 104
.
(/Users/falkfamily/Library/TinyTeX/texmf-dist/tex/latex/amsfonts/umsa.fd
File: umsa.fd 2013/01/14 v3.01 AMS symbols A
)
LaTeX Font Info:    Trying to load font information for U+msb on input line 104
.
(/Users/falkfamily/Library/TinyTeX/texmf-dist/tex/latex/amsfonts/umsb.fd
File: umsb.fd 2013/01/14 v3.01 AMS symbols B
) [1


{/Users/falkfamily/Library/TinyTeX/texmf-var/fonts/map/pdftex/updmap/pdftex.map
}] [2

] (./ABC_Company_Report.toc
LaTeX Font Info:    External font `lmex10' loaded for size
(Font)              <10> on input line 2.
LaTeX Font Info:    External font `lmex10' loaded for size
(Font)              <7> on input line 2.
LaTeX Font Info:    External font `lmex10' loaded for size
(Font)              <5> on input line 2.
)
\tf@toc=\write4
\openout4 = `ABC_Company_Report.toc'.

[3] [4

]
Chapter 1.
</Users/falkfamily/Documents/GitHub/abc/images/duke.png, id=119, 42.91031pt x 4
8.93282pt>
File: /Users/falkfamily/Documents/GitHub/abc/images/duke.png Graphic file (type
 png)
<use /Users/falkfamily/Documents/GitHub/abc/images/duke.png>
Package pdftex.def Info: /Users/falkfamily/Documents/GitHub/abc/images/duke.png
  used on input line 115.
(pdftex.def)             Requested size: 42.9128pt x 48.93565pt.
[5 </Users/falkfamily/Documents/GitHub/abc/images/duke.png>]
</Users/falkfamily/Documents/GitHub/abc/png/p01a1_bar.png, id=126, 1003.75pt x 
501.875pt>
File: /Users/falkfamily/Documents/GitHub/abc/png/p01a1_bar.png Graphic file (ty
pe png)
<use /Users/falkfamily/Documents/GitHub/abc/png/p01a1_bar.png>
Package pdftex.def Info: /Users/falkfamily/Documents/GitHub/abc/png/p01a1_bar.p
ng  used on input line 122.
(pdftex.def)             Requested size: 550.02719pt x 275.01358pt.
[6

 </Users/falkfamily/Documents/GitHub/abc/png/p01a1_bar.png>]
<01-items_files/figure-latex/1.2.1-tbl-items-sold-1.png, id=133, 885.3075pt x 3
13.17pt>
File: 01-items_files/figure-latex/1.2.1-tbl-items-sold-1.png Graphic file (type
 png)
<use 01-items_files/figure-latex/1.2.1-tbl-items-sold-1.png>
Package pdftex.def Info: 01-items_files/figure-latex/1.2.1-tbl-items-sold-1.png
  used on input line 128.
(pdftex.def)             Requested size: 289.0859pt x 102.26167pt.
[7

 <./01-items_files/figure-latex/1.2.1-tbl-items-sold-1.png>]pdfTeX warning (ext
4): destination with the same identifier (name{intro}) has been already used, d
uplicate ignored
<to be read again> 
                   \relax 
l.133 \chapter{02. Profits}\label{intro}}
                                          [8

]
Chapter 2.
File: /Users/falkfamily/Documents/GitHub/abc/images/duke.png Graphic file (type
 png)
<use /Users/falkfamily/Documents/GitHub/abc/images/duke.png>
Package pdftex.def Info: /Users/falkfamily/Documents/GitHub/abc/images/duke.png
  used on input line 135.
(pdftex.def)             Requested size: 42.9128pt x 48.93565pt.
<02-profit_files/figure-latex/2.1.1-tbl-profit-1.png, id=145, 768.8725pt x 325.
215pt>
File: 02-profit_files/figure-latex/2.1.1-tbl-profit-1.png Graphic file (type pn
g)
<use 02-profit_files/figure-latex/2.1.1-tbl-profit-1.png>
Package pdftex.def Info: 02-profit_files/figure-latex/2.1.1-tbl-profit-1.png  u
sed on input line 140.
(pdftex.def)             Requested size: 216.808pt x 91.70468pt.
</Users/falkfamily/Documents/GitHub/abc/png/p02a1_bar.png, id=146, 1003.75pt x 
501.875pt>
File: /Users/falkfamily/Documents/GitHub/abc/png/p02a1_bar.png Graphic file (ty
pe png)
<use /Users/falkfamily/Documents/GitHub/abc/png/p02a1_bar.png>
Package pdftex.def Info: /Users/falkfamily/Documents/GitHub/abc/png/p02a1_bar.p
ng  used on input line 145.
(pdftex.def)             Requested size: 345.00758pt x 172.50378pt.

Underfull \vbox (badness 10000) has occurred while \output is active []

[9 <./02-profit_files/figure-latex/2.1.1-tbl-profit-1.png>]
</Users/falkfamily/Documents/GitHub/abc/png/p02b1_bar.png, id=154, 1003.75pt x 
501.875pt>
File: /Users/falkfamily/Documents/GitHub/abc/png/p02b1_bar.png Graphic file (ty
pe png)
<use /Users/falkfamily/Documents/GitHub/abc/png/p02b1_bar.png>
Package pdftex.def Info: /Users/falkfamily/Documents/GitHub/abc/png/p02b1_bar.p
ng  used on input line 150.
(pdftex.def)             Requested size: 345.00758pt x 172.50378pt.
[10 </Users/falkfamily/Documents/GitHub/abc/png/p02a1_bar.png> </Users/falkfami
ly/Documents/GitHub/abc/png/p02b1_bar.png>]pdfTeX warning (ext4): destination w
ith the same identifier (name{intro}) has been already used, duplicate ignored
<to be read again> 
                   \relax 
l.155 \chapter{03. orders}\label{intro}}
                                        
Chapter 3.
File: /Users/falkfamily/Documents/GitHub/abc/images/duke.png Graphic file (type
 png)
<use /Users/falkfamily/Documents/GitHub/abc/images/duke.png>
Package pdftex.def Info: /Users/falkfamily/Documents/GitHub/abc/images/duke.png
  used on input line 157.
(pdftex.def)             Requested size: 42.9128pt x 48.93565pt.
[11

]
<03-orders_files/figure-latex/3.1.1-tbl-orders-1.png, id=167, 689.57625pt x 529
.98pt>
File: 03-orders_files/figure-latex/3.1.1-tbl-orders-1.png Graphic file (type pn
g)
<use 03-orders_files/figure-latex/3.1.1-tbl-orders-1.png>
Package pdftex.def Info: 03-orders_files/figure-latex/3.1.1-tbl-orders-1.png  u
sed on input line 164.
(pdftex.def)             Requested size: 216.8073pt x 166.62918pt.
[12 <./03-orders_files/figure-latex/3.1.1-tbl-orders-1.png>]
</Users/falkfamily/Documents/GitHub/abc/png/p03a1_hbar.png, id=174, 1003.75pt x
 501.875pt>
File: /Users/falkfamily/Documents/GitHub/abc/png/p03a1_hbar.png Graphic file (t
ype png)
<use /Users/falkfamily/Documents/GitHub/abc/png/p03a1_hbar.png>
Package pdftex.def Info: /Users/falkfamily/Documents/GitHub/abc/png/p03a1_hbar.
png  used on input line 172.
(pdftex.def)             Requested size: 384.99759pt x 192.49878pt.
[13

 </Users/falkfamily/Documents/GitHub/abc/png/p03a1_hbar.png>]
<03-orders_files/figure-latex/3.1.3-viz-tree-1.pdf, id=182, 469.755pt x 325.215
pt>
File: 03-orders_files/figure-latex/3.1.3-viz-tree-1.pdf Graphic file (type pdf)

<use 03-orders_files/figure-latex/3.1.3-viz-tree-1.pdf>
Package pdftex.def Info: 03-orders_files/figure-latex/3.1.3-viz-tree-1.pdf  use
d on input line 178.
(pdftex.def)             Requested size: 344.997pt x 238.84406pt.
[14

 <./03-orders_files/figure-latex/3.1.3-viz-tree-1.pdf>]pdfTeX warning (ext4): d
estination with the same identifier (name{intro}) has been already used, duplic
ate ignored
<to be read again> 
                   \relax 
l.183 \chapter{04. Recommendations}\label{intro}}
                                                 
Chapter 4.
File: /Users/falkfamily/Documents/GitHub/abc/images/duke.png Graphic file (type
 png)
<use /Users/falkfamily/Documents/GitHub/abc/images/duke.png>
Package pdftex.def Info: /Users/falkfamily/Documents/GitHub/abc/images/duke.png
  used on input line 185.
(pdftex.def)             Requested size: 42.9128pt x 48.93565pt.
[15

]pdfTeX warning (ext4): destination with the same identifier (name{intro}) has 
been already used, duplicate ignored
<to be read again> 
                   \relax 
l.202 \chapter{05. Trend}\label{intro}}
                                        [16

]
Chapter 5.
File: /Users/falkfamily/Documents/GitHub/abc/images/duke.png Graphic file (type
 png)
<use /Users/falkfamily/Documents/GitHub/abc/images/duke.png>
Package pdftex.def Info: /Users/falkfamily/Documents/GitHub/abc/images/duke.png
  used on input line 204.
(pdftex.def)             Requested size: 42.9128pt x 48.93565pt.
<05-forecast_files/figure-latex/_5.1.1-1.pdf, id=206, 469.755pt x 325.215pt>
File: 05-forecast_files/figure-latex/_5.1.1-1.pdf Graphic file (type pdf)
<use 05-forecast_files/figure-latex/_5.1.1-1.pdf>
Package pdftex.def Info: 05-forecast_files/figure-latex/_5.1.1-1.pdf  used on i
nput line 209.
(pdftex.def)             Requested size: 344.997pt x 238.84406pt.
<05-forecast_files/figure-latex/_5.1.1-2.pdf, id=207, 469.755pt x 325.215pt>
File: 05-forecast_files/figure-latex/_5.1.1-2.pdf Graphic file (type pdf)
<use 05-forecast_files/figure-latex/_5.1.1-2.pdf>
Package pdftex.def Info: 05-forecast_files/figure-latex/_5.1.1-2.pdf  used on i
nput line 209.
(pdftex.def)             Requested size: 344.997pt x 238.84406pt.

Underfull \hbox (badness 10000) in paragraph at lines 209--210
[]
 []


Underfull \vbox (badness 10000) has occurred while \output is active []

[17] [18 <./05-forecast_files/figure-latex/_5.1.1-1.pdf> <./05-forecast_files/f
igure-latex/_5.1.1-2.pdf>] (./ABC_Company_Report.aux)
Package rerunfilecheck Info: File `ABC_Company_Report.out' has not changed.
(rerunfilecheck)             Checksum: DE33892B9BC13FA7189848ACA7DC8A35;4096.

LaTeX Warning: There were multiply-defined labels.

 ) 
Here is how much of TeX's memory you used:
 11984 strings out of 481330
 174829 string characters out of 5916820
 462935 words of memory out of 5000000
 28530 multiletter control sequences out of 15000+600000
 460874 words of font info for 70 fonts, out of 8000000 for 9000
 14 hyphenation exceptions out of 8191
 66i,7n,72p,419b,403s stack positions out of 5000i,500n,10000p,200000b,80000s
{/Users/falkfamily/Library/TinyTeX/texmf-dist/fonts/enc/dvips/lm/lm-ec.enc}</
Users/falkfamily/Library/TinyTeX/texmf-dist/fonts/type1/public/lm/lmbx10.pfb></
Users/falkfamily/Library/TinyTeX/texmf-dist/fonts/type1/public/lm/lmbx12.pfb></
Users/falkfamily/Library/TinyTeX/texmf-dist/fonts/type1/public/lm/lmr10.pfb></U
sers/falkfamily/Library/TinyTeX/texmf-dist/fonts/type1/public/lm/lmr12.pfb></Us
ers/falkfamily/Library/TinyTeX/texmf-dist/fonts/type1/public/lm/lmr17.pfb></Use
rs/falkfamily/Library/TinyTeX/texmf-dist/fonts/type1/public/lm/lmro10.pfb>
Output written on ABC_Company_Report.pdf (18 pages, 371993 bytes).
PDF statistics:
 266 PDF objects out of 1000 (max. 8388607)
 215 compressed objects within 3 object streams
 52 named destinations out of 1000 (max. 500000)
 200 words of extra memory for PDF output out of 10000 (max. 10000000)

